<?xml version="1.0" encoding="UTF-8"?>
<testng-results ignored="0" total="2" passed="2" failed="0" skipped="0">
  <reporter-output>
  </reporter-output>
  <suite started-at="2023-07-03T08:38:10 IST" name="Suite" finished-at="2023-07-03T08:38:39 IST" duration-ms="28934">
    <groups>
    </groups>
    <test started-at="2023-07-03T08:38:10 IST" name="Test" finished-at="2023-07-03T08:38:39 IST" duration-ms="28934">
      <class name="testCase.TC1_SignUp">
        <test-method is-config="true" signature="setup()[pri:0, instance:testCase.TC1_SignUp@37d4349f]" started-at="2023-07-03T08:38:11 IST" name="setup" finished-at="2023-07-03T08:38:19 IST" duration-ms="8340" status="PASS">
          <reporter-output>
          </reporter-output>
        </test-method> <!-- setup -->
        <test-method signature="TC1_SignUp_method(java.lang.String,java.lang.String,java.lang.String,java.lang.String,java.lang.String,java.lang.String,java.lang.String,java.lang.String,java.lang.String,java.lang.String,java.lang.String)[pri:1, instance:testCase.TC1_SignUp@37d4349f]" started-at="2023-07-03T08:38:19 IST" name="TC1_SignUp_method" data-provider="dataToTC1_SignUP" finished-at="2023-07-03T08:38:32 IST" duration-ms="12782" status="PASS">
          <params>
            <param index="0">
              <value>
                <![CDATA[Parag]]>
              </value>
            </param>
            <param index="1">
              <value>
                <![CDATA[Das]]>
              </value>
            </param>
            <param index="2">
              <value>
                <![CDATA[Arekere, Bangalore, KA]]>
              </value>
            </param>
            <param index="3">
              <value>
                <![CDATA[Bangalore]]>
              </value>
            </param>
            <param index="4">
              <value>
                <![CDATA[KA]]>
              </value>
            </param>
            <param index="5">
              <value>
                <![CDATA[573134]]>
              </value>
            </param>
            <param index="6">
              <value>
                <![CDATA[8793748912]]>
              </value>
            </param>
            <param index="7">
              <value>
                <![CDATA[1159302784]]>
              </value>
            </param>
            <param index="8">
              <value>
                <![CDATA[testSelenium29409]]>
              </value>
            </param>
            <param index="9">
              <value>
                <![CDATA[Automation@123]]>
              </value>
            </param>
            <param index="10">
              <value>
                <![CDATA[Automation@123]]>
              </value>
            </param>
          </params>
          <reporter-output>
          </reporter-output>
        </test-method> <!-- TC1_SignUp_method -->
        <test-method is-config="true" signature="tearDown()[pri:0, instance:testCase.TC1_SignUp@37d4349f]" started-at="2023-07-03T08:38:32 IST" name="tearDown" finished-at="2023-07-03T08:38:32 IST" duration-ms="286" status="PASS">
          <reporter-output>
          </reporter-output>
        </test-method> <!-- tearDown -->
      </class> <!-- testCase.TC1_SignUp -->
      <class name="testCase.TC2_Login">
        <test-method is-config="true" signature="setup()[pri:0, instance:testCase.TC2_Login@2d52216b]" started-at="2023-07-03T08:38:32 IST" name="setup" finished-at="2023-07-03T08:38:36 IST" duration-ms="3545" status="PASS">
          <reporter-output>
          </reporter-output>
        </test-method> <!-- setup -->
        <test-method signature="TC2_Login_method(java.lang.String,java.lang.String)[pri:2, instance:testCase.TC2_Login@2d52216b]" started-at="2023-07-03T08:38:36 IST" name="TC2_Login_method" data-provider="dataToTC2" finished-at="2023-07-03T08:38:39 IST" duration-ms="2855" status="PASS">
          <params>
            <param index="0">
              <value>
                <![CDATA[testSelenium29409]]>
              </value>
            </param>
            <param index="1">
              <value>
                <![CDATA[Automation@123]]>
              </value>
            </param>
          </params>
          <reporter-output>
          </reporter-output>
        </test-method> <!-- TC2_Login_method -->
        <test-method is-config="true" signature="tearDown()[pri:0, instance:testCase.TC2_Login@2d52216b]" started-at="2023-07-03T08:38:39 IST" name="tearDown" finished-at="2023-07-03T08:38:39 IST" duration-ms="166" status="PASS">
          <reporter-output>
          </reporter-output>
        </test-method> <!-- tearDown -->
      </class> <!-- testCase.TC2_Login -->
    </test> <!-- Test -->
  </suite> <!-- Suite -->
</testng-results>
