<?xml version="1.0" encoding="UTF-8"?>
<testng-results ignored="0" total="1" passed="1" failed="0" skipped="0">
  <reporter-output>
  </reporter-output>
  <suite started-at="2023-07-01T21:08:57 IST" name="Default suite" finished-at="2023-07-01T21:09:05 IST" duration-ms="7624">
    <groups>
    </groups>
    <test started-at="2023-07-01T21:08:57 IST" name="Default test" finished-at="2023-07-01T21:09:05 IST" duration-ms="7624">
      <class name="testCase.TC2_Login">
        <test-method is-config="true" signature="setup()[pri:0, instance:testCase.TC2_Login@2ea41516]" started-at="2023-07-01T21:08:58 IST" name="setup" finished-at="2023-07-01T21:09:03 IST" duration-ms="4897" status="PASS">
          <reporter-output>
          </reporter-output>
        </test-method> <!-- setup -->
        <test-method signature="TC2_Login_method(java.lang.String,java.lang.String)[pri:1, instance:testCase.TC2_Login@2ea41516]" started-at="2023-07-01T21:09:03 IST" name="TC2_Login_method" data-provider="dataToTC2" finished-at="2023-07-01T21:09:05 IST" duration-ms="1941" status="PASS">
          <params>
            <param index="0">
              <value>
                <![CDATA[ABC]]>
              </value>
            </param>
            <param index="1">
              <value>
                <![CDATA[MMM]]>
              </value>
            </param>
          </params>
          <reporter-output>
          </reporter-output>
        </test-method> <!-- TC2_Login_method -->
        <test-method is-config="true" signature="tearDown()[pri:0, instance:testCase.TC2_Login@2ea41516]" started-at="2023-07-01T21:09:05 IST" name="tearDown" finished-at="2023-07-01T21:09:05 IST" duration-ms="179" status="PASS">
          <reporter-output>
          </reporter-output>
        </test-method> <!-- tearDown -->
      </class> <!-- testCase.TC2_Login -->
    </test> <!-- Default test -->
  </suite> <!-- Default suite -->
</testng-results>
