<?xml version="1.0" encoding="UTF-8"?>
<testng-results ignored="0" total="1" passed="1" failed="0" skipped="0">
  <reporter-output>
  </reporter-output>
  <suite started-at="2023-07-01T21:41:53 IST" name="Suite" finished-at="2023-07-01T21:41:59 IST" duration-ms="6711">
    <groups>
    </groups>
    <test started-at="2023-07-01T21:41:53 IST" name="Test" finished-at="2023-07-01T21:41:59 IST" duration-ms="6711">
      <class name="testCase.TC2_Login">
        <test-method is-config="true" signature="setup()[pri:0, instance:testCase.TC2_Login@57cf54e1]" started-at="2023-07-01T21:41:53 IST" name="setup" finished-at="2023-07-01T21:41:58 IST" duration-ms="4412" status="PASS">
          <reporter-output>
          </reporter-output>
        </test-method> <!-- setup -->
        <test-method signature="TC2_Login_method(java.lang.String,java.lang.String)[pri:1, instance:testCase.TC2_Login@57cf54e1]" started-at="2023-07-01T21:41:58 IST" name="TC2_Login_method" data-provider="dataToTC2" finished-at="2023-07-01T21:41:59 IST" duration-ms="1321" status="PASS">
          <params>
            <param index="0">
              <value>
                <![CDATA[navin123@gmail.com]]>
              </value>
            </param>
            <param index="1">
              <value>
                <![CDATA[Password@123]]>
              </value>
            </param>
          </params>
          <reporter-output>
          </reporter-output>
        </test-method> <!-- TC2_Login_method -->
        <test-method is-config="true" signature="tearDown()[pri:0, instance:testCase.TC2_Login@57cf54e1]" started-at="2023-07-01T21:41:59 IST" name="tearDown" finished-at="2023-07-01T21:41:59 IST" duration-ms="207" status="PASS">
          <reporter-output>
          </reporter-output>
        </test-method> <!-- tearDown -->
      </class> <!-- testCase.TC2_Login -->
    </test> <!-- Test -->
  </suite> <!-- Suite -->
</testng-results>
