<?xml version="1.0" encoding="UTF-8"?>
<testng-results ignored="0" total="3" passed="3" failed="0" skipped="0">
  <reporter-output>
  </reporter-output>
  <suite started-at="2023-07-04T16:11:05 IST" name="Suite" finished-at="2023-07-04T16:11:42 IST" duration-ms="36721">
    <groups>
    </groups>
    <test started-at="2023-07-04T16:11:05 IST" name="Test" finished-at="2023-07-04T16:11:42 IST" duration-ms="36721">
      <class name="testCase.TC1_SignUp">
        <test-method is-config="true" signature="setup()[pri:0, instance:testCase.TC1_SignUp@6e0f5f7f]" started-at="2023-07-04T16:11:06 IST" name="setup" finished-at="2023-07-04T16:11:11 IST" duration-ms="4979" status="PASS">
          <reporter-output>
          </reporter-output>
        </test-method> <!-- setup -->
        <test-method signature="TC1_SignUp_method(java.lang.String,java.lang.String,java.lang.String,java.lang.String,java.lang.String,java.lang.String,java.lang.String,java.lang.String,java.lang.String,java.lang.String,java.lang.String)[pri:1, instance:testCase.TC1_SignUp@6e0f5f7f]" started-at="2023-07-04T16:11:11 IST" name="TC1_SignUp_method" data-provider="dataToTC1_SignUP" finished-at="2023-07-04T16:11:23 IST" duration-ms="12232" status="PASS">
          <params>
            <param index="0">
              <value>
                <![CDATA[Parag]]>
              </value>
            </param>
            <param index="1">
              <value>
                <![CDATA[Das]]>
              </value>
            </param>
            <param index="2">
              <value>
                <![CDATA[Arekere, Bangalore, KA]]>
              </value>
            </param>
            <param index="3">
              <value>
                <![CDATA[Bangalore]]>
              </value>
            </param>
            <param index="4">
              <value>
                <![CDATA[KA]]>
              </value>
            </param>
            <param index="5">
              <value>
                <![CDATA[573134]]>
              </value>
            </param>
            <param index="6">
              <value>
                <![CDATA[8793748912]]>
              </value>
            </param>
            <param index="7">
              <value>
                <![CDATA[1159302784]]>
              </value>
            </param>
            <param index="8">
              <value>
                <![CDATA[newUser34422]]>
              </value>
            </param>
            <param index="9">
              <value>
                <![CDATA[Automation@123]]>
              </value>
            </param>
            <param index="10">
              <value>
                <![CDATA[Automation@123]]>
              </value>
            </param>
          </params>
          <reporter-output>
          </reporter-output>
        </test-method> <!-- TC1_SignUp_method -->
        <test-method is-config="true" signature="tearDown()[pri:0, instance:testCase.TC1_SignUp@6e0f5f7f]" started-at="2023-07-04T16:11:23 IST" name="tearDown" finished-at="2023-07-04T16:11:24 IST" duration-ms="225" status="PASS">
          <reporter-output>
          </reporter-output>
        </test-method> <!-- tearDown -->
      </class> <!-- testCase.TC1_SignUp -->
      <class name="testCase.TC3_IFSC_RBI">
        <test-method is-config="true" signature="setup()[pri:0, instance:testCase.TC3_IFSC_RBI@3527942a]" started-at="2023-07-04T16:11:31 IST" name="setup" finished-at="2023-07-04T16:11:33 IST" duration-ms="2151" status="PASS">
          <reporter-output>
          </reporter-output>
        </test-method> <!-- setup -->
        <test-method signature="TC3_method()[pri:3, instance:testCase.TC3_IFSC_RBI@3527942a]" started-at="2023-07-04T16:11:33 IST" name="TC3_method" finished-at="2023-07-04T16:11:42 IST" duration-ms="8549" status="PASS">
          <reporter-output>
          </reporter-output>
        </test-method> <!-- TC3_method -->
        <test-method is-config="true" signature="tearDown()[pri:0, instance:testCase.TC3_IFSC_RBI@3527942a]" started-at="2023-07-04T16:11:42 IST" name="tearDown" finished-at="2023-07-04T16:11:42 IST" duration-ms="198" status="PASS">
          <reporter-output>
          </reporter-output>
        </test-method> <!-- tearDown -->
      </class> <!-- testCase.TC3_IFSC_RBI -->
      <class name="testCase.TC2_Login">
        <test-method is-config="true" signature="setup()[pri:0, instance:testCase.TC2_Login@3f6f6701]" started-at="2023-07-04T16:11:24 IST" name="setup" finished-at="2023-07-04T16:11:28 IST" duration-ms="3886" status="PASS">
          <reporter-output>
          </reporter-output>
        </test-method> <!-- setup -->
        <test-method signature="TC2_Login_method(java.lang.String,java.lang.String)[pri:2, instance:testCase.TC2_Login@3f6f6701]" started-at="2023-07-04T16:11:28 IST" name="TC2_Login_method" data-provider="dataToTC2" finished-at="2023-07-04T16:11:31 IST" duration-ms="3531" status="PASS">
          <params>
            <param index="0">
              <value>
                <![CDATA[newUser34422]]>
              </value>
            </param>
            <param index="1">
              <value>
                <![CDATA[Automation@123]]>
              </value>
            </param>
          </params>
          <reporter-output>
          </reporter-output>
        </test-method> <!-- TC2_Login_method -->
        <test-method is-config="true" signature="tearDown()[pri:0, instance:testCase.TC2_Login@3f6f6701]" started-at="2023-07-04T16:11:31 IST" name="tearDown" finished-at="2023-07-04T16:11:31 IST" duration-ms="176" status="PASS">
          <reporter-output>
          </reporter-output>
        </test-method> <!-- tearDown -->
      </class> <!-- testCase.TC2_Login -->
    </test> <!-- Test -->
  </suite> <!-- Suite -->
</testng-results>
