<?xml version="1.0" encoding="UTF-8"?>
<testng-results ignored="0" total="1" passed="1" failed="0" skipped="0">
  <reporter-output>
  </reporter-output>
  <suite started-at="2023-07-01T16:54:57 IST" name="Default suite" finished-at="2023-07-01T16:55:06 IST" duration-ms="8832">
    <groups>
    </groups>
    <test started-at="2023-07-01T16:54:57 IST" name="Default test" finished-at="2023-07-01T16:55:06 IST" duration-ms="8832">
      <class name="testCase.TC1_SignUp">
        <test-method is-config="true" signature="setup()[pri:0, instance:testCase.TC1_SignUp@5a56cdac]" started-at="2023-07-01T16:54:57 IST" name="setup" finished-at="2023-07-01T16:55:02 IST" duration-ms="4588" status="PASS">
          <reporter-output>
          </reporter-output>
        </test-method> <!-- setup -->
        <test-method signature="TC1_Method()[pri:0, instance:testCase.TC1_SignUp@5a56cdac]" started-at="2023-07-01T16:55:02 IST" name="TC1_Method" finished-at="2023-07-01T16:55:06 IST" duration-ms="4016" status="PASS">
          <reporter-output>
          </reporter-output>
        </test-method> <!-- TC1_Method -->
        <test-method is-config="true" signature="tearDown()[pri:0, instance:testCase.TC1_SignUp@5a56cdac]" started-at="2023-07-01T16:55:06 IST" name="tearDown" finished-at="2023-07-01T16:55:06 IST" duration-ms="197" status="PASS">
          <reporter-output>
          </reporter-output>
        </test-method> <!-- tearDown -->
      </class> <!-- testCase.TC1_SignUp -->
    </test> <!-- Default test -->
  </suite> <!-- Default suite -->
</testng-results>
