<?xml version="1.0" encoding="UTF-8"?>
<testng-results ignored="0" total="1" passed="1" failed="0" skipped="0">
  <reporter-output>
  </reporter-output>
  <suite started-at="2023-07-02T19:17:33 IST" name="Default suite" finished-at="2023-07-02T19:17:42 IST" duration-ms="9095">
    <groups>
    </groups>
    <test started-at="2023-07-02T19:17:33 IST" name="Default test" finished-at="2023-07-02T19:17:42 IST" duration-ms="9095">
      <class name="testCase.TC1_SignUp">
        <test-method is-config="true" signature="setup()[pri:0, instance:testCase.TC1_SignUp@7c711375]" started-at="2023-07-02T19:17:33 IST" name="setup" finished-at="2023-07-02T19:17:38 IST" duration-ms="4884" status="PASS">
          <reporter-output>
          </reporter-output>
        </test-method> <!-- setup -->
        <test-method signature="TC1_SignUp_method()[pri:0, instance:testCase.TC1_SignUp@7c711375]" started-at="2023-07-02T19:17:38 IST" name="TC1_SignUp_method" finished-at="2023-07-02T19:17:42 IST" duration-ms="3996" status="PASS">
          <reporter-output>
          </reporter-output>
        </test-method> <!-- TC1_SignUp_method -->
        <test-method is-config="true" signature="tearDown()[pri:0, instance:testCase.TC1_SignUp@7c711375]" started-at="2023-07-02T19:17:42 IST" name="tearDown" finished-at="2023-07-02T19:17:42 IST" duration-ms="183" status="PASS">
          <reporter-output>
          </reporter-output>
        </test-method> <!-- tearDown -->
      </class> <!-- testCase.TC1_SignUp -->
    </test> <!-- Default test -->
  </suite> <!-- Default suite -->
</testng-results>
