<?xml version="1.0" encoding="UTF-8"?>
<testng-results ignored="0" total="1" passed="1" failed="0" skipped="0">
  <reporter-output>
  </reporter-output>
  <suite started-at="2023-06-30T23:48:08 IST" name="Default suite" finished-at="2023-06-30T23:48:14 IST" duration-ms="5116">
    <groups>
    </groups>
    <test started-at="2023-06-30T23:48:08 IST" name="Default test" finished-at="2023-06-30T23:48:14 IST" duration-ms="5116">
      <class name="testCase.TC1_SignUp">
        <test-method is-config="true" signature="setup()[pri:0, instance:testCase.TC1_SignUp@55e2fe3c]" started-at="2023-06-30T23:48:08 IST" name="setup" finished-at="2023-06-30T23:48:08 IST" duration-ms="3" status="PASS">
          <reporter-output>
          </reporter-output>
        </test-method> <!-- setup -->
        <test-method signature="TC1_Method()[pri:0, instance:testCase.TC1_SignUp@55e2fe3c]" started-at="2023-06-30T23:48:08 IST" name="TC1_Method" finished-at="2023-06-30T23:48:13 IST" duration-ms="4841" status="PASS">
          <reporter-output>
          </reporter-output>
        </test-method> <!-- TC1_Method -->
        <test-method is-config="true" signature="tearDown()[pri:0, instance:testCase.TC1_SignUp@55e2fe3c]" started-at="2023-06-30T23:48:13 IST" name="tearDown" finished-at="2023-06-30T23:48:14 IST" duration-ms="245" status="PASS">
          <reporter-output>
          </reporter-output>
        </test-method> <!-- tearDown -->
      </class> <!-- testCase.TC1_SignUp -->
    </test> <!-- Default test -->
  </suite> <!-- Default suite -->
</testng-results>
