<?xml version="1.0" encoding="UTF-8"?>
<testng-results ignored="0" total="1" passed="1" failed="0" skipped="0">
  <reporter-output>
  </reporter-output>
  <suite started-at="2023-07-02T17:19:04 IST" name="Default suite" finished-at="2023-07-02T17:19:14 IST" duration-ms="10187">
    <groups>
    </groups>
    <test started-at="2023-07-02T17:19:04 IST" name="Default test" finished-at="2023-07-02T17:19:14 IST" duration-ms="10187">
      <class name="testCase.TC2_Login">
        <test-method is-config="true" signature="setup()[pri:0, instance:testCase.TC2_Login@57cf54e1]" started-at="2023-07-02T17:19:04 IST" name="setup" finished-at="2023-07-02T17:19:10 IST" duration-ms="5528" status="PASS">
          <reporter-output>
          </reporter-output>
        </test-method> <!-- setup -->
        <test-method signature="TC2_Login_method(java.lang.String,java.lang.String)[pri:1, instance:testCase.TC2_Login@57cf54e1]" started-at="2023-07-02T17:19:10 IST" name="TC2_Login_method" data-provider="dataToTC2" finished-at="2023-07-02T17:19:14 IST" duration-ms="3862" status="PASS">
          <params>
            <param index="0">
              <value>
                <![CDATA[navin123@gmail.com]]>
              </value>
            </param>
            <param index="1">
              <value>
                <![CDATA[Password@123]]>
              </value>
            </param>
          </params>
          <reporter-output>
          </reporter-output>
        </test-method> <!-- TC2_Login_method -->
        <test-method is-config="true" signature="tearDown()[pri:0, instance:testCase.TC2_Login@57cf54e1]" started-at="2023-07-02T17:19:14 IST" name="tearDown" finished-at="2023-07-02T17:19:14 IST" duration-ms="182" status="PASS">
          <reporter-output>
          </reporter-output>
        </test-method> <!-- tearDown -->
      </class> <!-- testCase.TC2_Login -->
    </test> <!-- Default test -->
  </suite> <!-- Default suite -->
</testng-results>
