<?xml version="1.0" encoding="UTF-8"?>
<testng-results ignored="0" total="1" passed="1" failed="0" skipped="0">
  <reporter-output>
  </reporter-output>
  <suite started-at="2023-07-07T15:08:27 IST" name="Suite" finished-at="2023-07-07T15:08:49 IST" duration-ms="22115">
    <groups>
    </groups>
    <test started-at="2023-07-07T15:08:27 IST" name="Test" finished-at="2023-07-07T15:08:49 IST" duration-ms="22115">
      <class name="testCase.TC1_SignUp">
        <test-method is-config="true" signature="setup()[pri:0, instance:testCase.TC1_SignUp@3ee37e5a]" started-at="2023-07-07T15:08:28 IST" name="setup" finished-at="2023-07-07T15:08:36 IST" duration-ms="8365" status="PASS">
          <reporter-output>
          </reporter-output>
        </test-method> <!-- setup -->
        <test-method signature="TC1_SignUp_method(java.lang.String,java.lang.String,java.lang.String,java.lang.String,java.lang.String,java.lang.String,java.lang.String,java.lang.String,java.lang.String,java.lang.String,java.lang.String)[pri:1, instance:testCase.TC1_SignUp@3ee37e5a]" started-at="2023-07-07T15:08:36 IST" name="TC1_SignUp_method" data-provider="dataToTC1_SignUP" finished-at="2023-07-07T15:08:49 IST" duration-ms="12424" status="PASS">
          <params>
            <param index="0">
              <value>
                <![CDATA[Parag]]>
              </value>
            </param>
            <param index="1">
              <value>
                <![CDATA[Das]]>
              </value>
            </param>
            <param index="2">
              <value>
                <![CDATA[Arekere, Bangalore, KA]]>
              </value>
            </param>
            <param index="3">
              <value>
                <![CDATA[Bangalore]]>
              </value>
            </param>
            <param index="4">
              <value>
                <![CDATA[KA]]>
              </value>
            </param>
            <param index="5">
              <value>
                <![CDATA[573134]]>
              </value>
            </param>
            <param index="6">
              <value>
                <![CDATA[8793748912]]>
              </value>
            </param>
            <param index="7">
              <value>
                <![CDATA[1159302784]]>
              </value>
            </param>
            <param index="8">
              <value>
                <![CDATA[newUser34422]]>
              </value>
            </param>
            <param index="9">
              <value>
                <![CDATA[Automation@123]]>
              </value>
            </param>
            <param index="10">
              <value>
                <![CDATA[Automation@123]]>
              </value>
            </param>
          </params>
          <reporter-output>
          </reporter-output>
        </test-method> <!-- TC1_SignUp_method -->
        <test-method is-config="true" signature="tearDown()[pri:0, instance:testCase.TC1_SignUp@3ee37e5a]" started-at="2023-07-07T15:08:49 IST" name="tearDown" finished-at="2023-07-07T15:08:49 IST" duration-ms="250" status="PASS">
          <reporter-output>
          </reporter-output>
        </test-method> <!-- tearDown -->
      </class> <!-- testCase.TC1_SignUp -->
    </test> <!-- Test -->
  </suite> <!-- Suite -->
</testng-results>
