<?xml version="1.0" encoding="UTF-8"?>
<testng-results ignored="0" total="1" passed="1" failed="0" skipped="0">
  <reporter-output>
  </reporter-output>
  <suite started-at="2023-06-30T22:05:18 IST" name="Suite" finished-at="2023-06-30T22:05:18 IST" duration-ms="38">
    <groups>
    </groups>
    <test started-at="2023-06-30T22:05:18 IST" name="Test" finished-at="2023-06-30T22:05:18 IST" duration-ms="38">
      <class name="testCase.TC1_SignUp">
        <test-method signature="TC1_Method()[pri:0, instance:testCase.TC1_SignUp@7bd4937b]" started-at="2023-06-30T22:05:18 IST" name="TC1_Method" finished-at="2023-06-30T22:05:18 IST" duration-ms="6" status="PASS">
          <reporter-output>
          </reporter-output>
        </test-method> <!-- TC1_Method -->
      </class> <!-- testCase.TC1_SignUp -->
    </test> <!-- Test -->
  </suite> <!-- Suite -->
</testng-results>
