<?xml version="1.0" encoding="UTF-8"?>
<!-- Generated by org.testng.reporters.JUnitXMLReporter -->
<testsuite ignored="0" hostname="DESKTOP-P608RAU" failures="1" tests="2" name="Test" time="0.201" errors="0" timestamp="2023-07-07T18:59:10 IST">
  <testcase classname="testCase.ReportListnerTest" name="passAssert" time="0.006"/>
  <testcase classname="testCase.ReportListnerTest" name="failAssert" time="0.002">
    <failure type="java.lang.AssertionError" message="expected [Vickey] but found [Parag]">
      <![CDATA[java.lang.AssertionError: expected [Vickey] but found [Parag]
at testCase.ReportListnerTest.failAssert(ReportListnerTest.java:34)
at java.base/java.util.ArrayList.forEach(ArrayList.java:1511)
... Removed 33 stack frames]]>
    </failure>
  </testcase> <!-- failAssert -->
</testsuite> <!-- Test -->
