<?xml version="1.0" encoding="UTF-8"?>
<!-- Generated by org.testng.reporters.JUnitXMLReporter -->
<testsuite ignored="0" hostname="DESKTOP-P608RAU" failures="1" tests="6" name="Test" time="51.223" errors="0" timestamp="2023-07-08T22:46:38 IST">
  <testcase classname="testCase.TC1_SignUp" name="TC1_SignUp_method" time="13.327"/>
  <testcase classname="testCase.TC2_Login" name="TC2_Login_method" time="4.379"/>
  <testcase classname="testCase.TC3_IFSC_RBI" name="TC3_method" time="8.296"/>
  <testcase classname="testCase.ReportListnerTest" name="failAssert" time="0.004">
    <failure type="java.lang.AssertionError" message="expected [Vickey] but found [Parag]">
      <![CDATA[java.lang.AssertionError: expected [Vickey] but found [Parag]
at testCase.ReportListnerTest.failAssert(ReportListnerTest.java:61)
at java.base/java.util.ArrayList.forEach(ArrayList.java:1511)
... Removed 33 stack frames]]>
    </failure>
  </testcase> <!-- failAssert -->
  <testcase classname="testCase.ReportListnerTest" name="passAssert" time="0.001"/>
  <testcase classname="testCase.MercuryTourRegistration" name="mercuryTourRegistration" time="5.795"/>
</testsuite> <!-- Test -->
